[debug] [2024-10-16T14:04:24.459Z] ----------------------------------------------------------------------
[debug] [2024-10-16T14:04:24.463Z] Command:       C:\Program Files\nodejs\node.exe C:\Users\Dell\AppData\Roaming\npm\node_modules\firebase-tools\lib\bin\firebase.js init
[debug] [2024-10-16T14:04:24.464Z] CLI Version:   13.22.0
[debug] [2024-10-16T14:04:24.464Z] Platform:      win32
[debug] [2024-10-16T14:04:24.464Z] Node Version:  v20.17.0
[debug] [2024-10-16T14:04:24.464Z] Time:          Wed Oct 16 2024 16:04:24 GMT+0200 (South Africa Standard Time)
[debug] [2024-10-16T14:04:24.465Z] ----------------------------------------------------------------------
[debug] 
[debug] [2024-10-16T14:04:24.479Z] > command requires scopes: ["email","openid","https://www.googleapis.com/auth/cloudplatformprojects.readonly","https://www.googleapis.com/auth/firebase","https://www.googleapis.com/auth/cloud-platform"]
[debug] [2024-10-16T14:04:24.480Z] > authorizing via signed-in user (matelamoshate@gmail.com)
[info] 
     ######## #### ########  ######## ########     ###     ######  ########
     ##        ##  ##     ## ##       ##     ##  ##   ##  ##       ##
     ######    ##  ########  ######   ########  #########  ######  ######
     ##        ##  ##    ##  ##       ##     ## ##     ##       ## ##
     ##       #### ##     ## ######## ########  ##     ##  ######  ########

You're about to initialize a Firebase project in this directory:

  C:\Users\Dell\Documents\DBIT\Year2\Web Applications\React\Practices\mywebapp

[info] 
=== Project Setup
[info] 
[info] First, let's associate this project directory with a Firebase project.
[info] You can create multiple project aliases by running firebase use --add, 
[info] but for now we'll just set up a default project.
[info] 
[debug] [2024-10-16T14:09:31.157Z] Checked if tokens are valid: true, expires at: 1729090412806
[debug] [2024-10-16T14:09:31.157Z] Checked if tokens are valid: true, expires at: 1729090412806
[debug] [2024-10-16T14:09:31.159Z] >>> [apiv2][query] GET https://firebase.googleapis.com/v1beta1/projects pageSize=100
[debug] [2024-10-16T14:09:38.981Z] <<< [apiv2][status] GET https://firebase.googleapis.com/v1beta1/projects 200
[debug] [2024-10-16T14:09:38.981Z] <<< [apiv2][body] GET https://firebase.googleapis.com/v1beta1/projects [omitted]
[info] i  Using project matela-901016992-project (Matela 901016992 Project) 
[info] 
=== Hosting Setup
[debug] [2024-10-16T14:13:17.332Z] Checked if tokens are valid: true, expires at: 1729090412806
[debug] [2024-10-16T14:13:17.332Z] Checked if tokens are valid: true, expires at: 1729090412806
[debug] [2024-10-16T14:13:17.332Z] >>> [apiv2][query] GET https://firebase.googleapis.com/v1beta1/projects/matela-901016992-project [none]
[debug] [2024-10-16T14:13:22.980Z] <<< [apiv2][status] GET https://firebase.googleapis.com/v1beta1/projects/matela-901016992-project 200
[debug] [2024-10-16T14:13:22.980Z] <<< [apiv2][body] GET https://firebase.googleapis.com/v1beta1/projects/matela-901016992-project {"projectId":"matela-901016992-project","projectNumber":"104220306786","displayName":"Matela 901016992 Project","name":"projects/matela-901016992-project","resources":{"hostingSite":"matela-901016992-project"},"state":"ACTIVE","etag":"1_2b663917-3c3e-44c8-a8b5-e408530f6e77"}
[info] 
[info] Your public directory is the folder (relative to your project directory) that
[info] will contain Hosting assets to be uploaded with firebase deploy. If you
[info] have a build process for your assets, use your build's output directory.
[info] 
[debug] [2024-10-16T14:21:41.896Z] >>> [apiv2][query] GET https://www.gstatic.com/firebasejs/releases.json [none]
[debug] [2024-10-16T14:21:48.725Z] <<< [apiv2][status] GET https://www.gstatic.com/firebasejs/releases.json 200
[debug] [2024-10-16T14:21:48.725Z] <<< [apiv2][body] GET https://www.gstatic.com/firebasejs/releases.json {"current":{"version":"10.14.1","browserURL":"https://www.gstatic.com/firebasejs/10.14.1/firebase.js","packageURL":"https://www.gstatic.com/firebasejs/10.14.1/firebase.tgz"},"live":{"version":"10.14","browserURL":"https://www.gstatic.com/firebasejs/live/10.14/firebase.js","packageURL":"https://www.gstatic.com/firebasejs/live/10.14/firebase.tgz"},"components":{"analytics":"https://www.gstatic.com/firebasejs/10.14.1/firebase-analytics.js","app":"https://www.gstatic.com/firebasejs/10.14.1/firebase-app.js","app-check":"https://www.gstatic.com/firebasejs/10.14.1/firebase-app-check.js","auth":"https://www.gstatic.com/firebasejs/10.14.1/firebase-auth.js","auth/cordova":"https://www.gstatic.com/firebasejs/10.14.1/firebase-auth/cordova.js","auth/web-extension":"https://www.gstatic.com/firebasejs/10.14.1/firebase-auth/web-extension.js","functions":"https://www.gstatic.com/firebasejs/10.14.1/firebase-functions.js","firestore":"https://www.gstatic.com/firebasejs/10.14.1/firebase-firestore.js","firestore/lite":"https://www.gstatic.com/firebasejs/10.14.1/firebase-firestore/lite.js","installations":"https://www.gstatic.com/firebasejs/10.14.1/firebase-installations.js","storage":"https://www.gstatic.com/firebasejs/10.14.1/firebase-storage.js","performance":"https://www.gstatic.com/firebasejs/10.14.1/firebase-performance.js","remote-config":"https://www.gstatic.com/firebasejs/10.14.1/firebase-remote-config.js","messaging":"https://www.gstatic.com/firebasejs/10.14.1/firebase-messaging.js","messaging/sw":"https://www.gstatic.com/firebasejs/10.14.1/firebase-messaging/sw.js","database":"https://www.gstatic.com/firebasejs/10.14.1/firebase-database.js","data-connect":"https://www.gstatic.com/firebasejs/10.14.1/firebase-data-connect.js","vertexai-preview":"https://www.gstatic.com/firebasejs/10.14.1/firebase-vertexai-preview.js","firestore.memory":"https://www.gstatic.com/firebasejs/10.14.1/firebase-firestore.memory.js"}}
[info] +  Wrote npm run build/index.html 
[info] 
[info] i  Didn't detect a .git folder. Assuming C:\Users\Dell\Documents\DBIT\Year2\Web Applications\React\Practices\mywebapp is the project root. 
[info] i  Authorizing with GitHub to upload your service account to a GitHub repository's secrets store. 
[info] 
[info] Visit this URL on this device to log in:
[info] https://github.com/login/oauth/authorize?client_id=89cf50f02ac6aaed3484&state=736214321&redirect_uri=http%3A%2F%2Flocalhost%3A9005&scope=read%3Auser%20repo%20public_repo
[info] 
[info] Waiting for authentication...
